<?xml version="1.0" encoding="UTF-8" ?>
<testsuite tests="8" failures="0" name="ConsultaTest" time="0.006" errors="0" skipped="0">
  <properties>
[...]
</properties>
  <testcase classname="ConsultaTest" name="testGetPaciente" time="0.002"/>
  <testcase classname="ConsultaTest" name="testGetDataConsulta" time="0"/>
  <testcase classname="ConsultaTest" name="testDefinirMedico" time="0.003"/>
  <testcase classname="ConsultaTest" name="testImprimirDetalhes" time="0.001"/>
  <testcase classname="ConsultaTest" name="testGetEquipamentos" time="0"/>
  <testcase classname="ConsultaTest" name="testSetMedico" time="0"/>
  <testcase classname="ConsultaTest" name="testGetMedico" time="0"/>
  <testcase classname="ConsultaTest" name="testGetIdConsulta" time="0"/>
</testsuite>